<?xml version="1.0" encoding="UTF-8"?>
<!-- Generated by org.testng.reporters.JUnitXMLReporter -->
<testsuite hostname="vaibs-pc" ignored="7" name="Default test" tests="1" failures="0" timestamp="2021-10-08T16:48:04 IST" time="4.413" errors="0">
  <testcase name="postAddingContact" time="4.304" classname="day2.PositiveContactList"/>
  <testcase name="postUpdateContact" time="0.0" classname="day2.PositiveContactList">
    <ignored/>
  </testcase> <!-- postUpdateContact -->
  <testcase name="getSpecificContact4" time="0.0" classname="day2.PositiveContactList">
    <ignored/>
  </testcase> <!-- getSpecificContact4 -->
  <testcase name="getSpecficConatact2" time="0.0" classname="day2.PositiveContactList">
    <ignored/>
  </testcase> <!-- getSpecficConatact2 -->
  <testcase name="deletingSpecificContact" time="0.0" classname="day2.PositiveContactList">
    <ignored/>
  </testcase> <!-- deletingSpecificContact -->
  <testcase name="getSpecficConatct3" time="0.0" classname="day2.PositiveContactList">
    <ignored/>
  </testcase> <!-- getSpecficConatct3 -->
  <testcase name="getSpecficConatact" time="0.0" classname="day2.PositiveContactList">
    <ignored/>
  </testcase> <!-- getSpecficConatact -->
  <testcase name="getContactListenInfo" time="0.0" classname="day2.PositiveContactList">
    <ignored/>
  </testcase> <!-- getContactListenInfo -->
</testsuite> <!-- Default test -->
